Vivado Simulator 2018.2
Copyright 1986-1999, 2001-2018 Xilinx, Inc. All Rights Reserved.
Running: C:/Xilinx/Vivado/2018.2/bin/unwrapped/win64.o/xelab.exe -wto 26c5b6763c9c49a6b9d949f093cb8d51 --incr --debug typical --relax --mt 2 -L xil_defaultlib -L secureip --snapshot RGB_LED_tb_behav xil_defaultlib.RGB_LED_tb -log elaborate.log 
Using 2 slave threads.
Starting static elaboration
Completed static elaboration
Starting simulation data flow analysis
Completed simulation data flow analysis
Time Resolution for simulation is 1ps
Compiling package std.standard
Compiling package std.textio
Compiling package ieee.std_logic_1164
Compiling package ieee.numeric_std
Compiling package ieee.std_logic_arith
Compiling package ieee.std_logic_unsigned
Compiling architecture behavioural of entity xil_defaultlib.Timer [\Timer(trigger_count=10)\]
Compiling architecture behavioural of entity xil_defaultlib.Timer [\Timer(trigger_count=1)\]
Compiling architecture behavioural of entity xil_defaultlib.Timer [\Timer(trigger_count=30)\]
Compiling architecture behavioural of entity xil_defaultlib.Timer [\Timer(trigger_count=3)\]
Compiling architecture behavioural of entity xil_defaultlib.Timer [\Timer(trigger_count=50)\]
Compiling architecture behavioural of entity xil_defaultlib.Timer [\Timer(trigger_count=5)\]
Compiling architecture behavioural of entity xil_defaultlib.Timer [\Timer(trigger_count=40)\]
Compiling architecture behavioural of entity xil_defaultlib.Timer [\Timer(trigger_count=70)\]
Compiling architecture behavioral of entity xil_defaultlib.RGB_LED [rgb_led_default]
Compiling architecture bench of entity xil_defaultlib.rgb_led_tb
Built simulation snapshot RGB_LED_tb_behav
