Vivado Simulator 2018.2
Copyright 1986-1999, 2001-2018 Xilinx, Inc. All Rights Reserved.
Running: C:/Xilinx/Vivado/2018.2/bin/unwrapped/win64.o/xelab.exe -wto 3053e53c8db145ec9ebcd8e13435dc2c --incr --debug typical --relax --mt 2 -L xil_defaultlib -L secureip --snapshot Temperature_Controller_tb_behav xil_defaultlib.Temperature_Controller_tb -log elaborate.log 
Using 2 slave threads.
Starting static elaboration
Completed static elaboration
Starting simulation data flow analysis
Completed simulation data flow analysis
Time Resolution for simulation is 1ps
Compiling package std.standard
Compiling package std.textio
Compiling package ieee.std_logic_1164
Compiling package ieee.numeric_std
Compiling architecture behavioural of entity xil_defaultlib.Timer [\Timer(trigger_count=20)\]
Compiling architecture behavioural of entity xil_defaultlib.Timer [\Timer(trigger_count=50)\]
Compiling architecture behavioural of entity xil_defaultlib.Timer [\Timer(trigger_count=100)\]
Compiling architecture behavioural of entity xil_defaultlib.Timer [\Timer(trigger_count=300)\]
Compiling architecture behavioral of entity xil_defaultlib.Temperature_Controller [temperature_controller_default]
Compiling architecture bench of entity xil_defaultlib.temperature_controller_tb
Built simulation snapshot Temperature_Controller_tb_behav
