#-----------------------------------------------------------
# Vivado v2018.2 (64-bit)
# SW Build 2258646 on Thu Jun 14 20:03:12 MDT 2018
# IP Build 2256618 on Thu Jun 14 22:10:49 MDT 2018
# Start of session at: Sat Oct 26 21:04:05 2019
# Process ID: 15664
# Current directory: C:/vhdl/exercise_5a_rgb_led
# Command line: vivado.exe -gui_launcher_event rodinguilauncherevent16656 C:\vhdl\exercise_5a_rgb_led\exercise_5a_rgb_led.xpr
# Log file: C:/vhdl/exercise_5a_rgb_led/vivado.log
# Journal file: C:/vhdl/exercise_5a_rgb_led\vivado.jou
#-----------------------------------------------------------
start_gui
open_project C:/vhdl/exercise_5a_rgb_led/exercise_5a_rgb_led.xpr
CRITICAL WARNING: [Project 1-19] Could not find the file 'C:/vhdl/exercise_5a_rgb_led/exercise_5a_rgb_led.srcs/sim_1/new/RGB_LED.vhd'.
CRITICAL WARNING: [Project 1-19] Could not find the file 'C:/vhdl/exercise_5a_rgb_led/exercise_5a_rgb_led.srcs/sim_1/new/Timer_tb.vhd'.
Scanning sources...
Finished scanning sources
INFO: [IP_Flow 19-234] Refreshing IP repositories
INFO: [IP_Flow 19-1704] No user IP repositories specified
INFO: [IP_Flow 19-2313] Loaded Vivado IP repository 'C:/Xilinx/Vivado/2018.2/data/ip'.
open_project: Time (s): cpu = 00:00:13 ; elapsed = 00:00:06 . Memory (MB): peak = 837.031 ; gain = 112.703
update_compile_order -fileset sources_1
move_files [get_files  C:/vhdl/exercise_5a_rgb_led/exercise_5a_rgb_led.srcs/sim_1/new/RGB_LED.vhd]
move_files [get_files  C:/vhdl/exercise_5a_rgb_led/exercise_5a_rgb_led.srcs/sim_1/new/Timer_tb.vhd]
reset_run impl_1
WARNING: [Vivado 12-1017] Problems encountered:
1. Couldn't access process for termination

exit
INFO: [Common 17-206] Exiting Vivado at Sat Oct 26 21:04:58 2019...
