#-----------------------------------------------------------
# Vivado v2018.2 (64-bit)
# SW Build 2258646 on Thu Jun 14 20:03:12 MDT 2018
# IP Build 2256618 on Thu Jun 14 22:10:49 MDT 2018
# Start of session at: Sat Oct 26 21:03:33 2019
# Process ID: 10128
# Current directory: C:/vhdl/exercise_5a_rgb_led
# Command line: vivado.exe -gui_launcher_event rodinguilauncherevent5992 C:\vhdl\exercise_5a_rgb_led\exercise_5a_rgb_led.xpr
# Log file: C:/vhdl/exercise_5a_rgb_led/vivado.log
# Journal file: C:/vhdl/exercise_5a_rgb_led\vivado.jou
#-----------------------------------------------------------
start_gui
open_project C:/vhdl/exercise_5a_rgb_led/exercise_5a_rgb_led.xpr
CRITICAL WARNING: [Project 1-19] Could not find the file 'C:/vhdl/exercise_5a_rgb_led/exercise_5a_rgb_led.srcs/sim_1/new/RGB_LED.vhd'.
CRITICAL WARNING: [Project 1-19] Could not find the file 'C:/vhdl/exercise_5a_rgb_led/exercise_5a_rgb_led.srcs/sim_1/new/Timer_tb.vhd'.
Scanning sources...
Finished scanning sources
INFO: [IP_Flow 19-234] Refreshing IP repositories
INFO: [IP_Flow 19-1704] No user IP repositories specified
INFO: [IP_Flow 19-2313] Loaded Vivado IP repository 'C:/Xilinx/Vivado/2018.2/data/ip'.
open_project: Time (s): cpu = 00:00:15 ; elapsed = 00:00:08 . Memory (MB): peak = 830.133 ; gain = 103.613
update_compile_order -fileset sources_1
exit
INFO: [Common 17-206] Exiting Vivado at Sat Oct 26 21:04:01 2019...
